<?xml version="1.0" encoding="UTF-8" ?>
<testsuite failures="0" time="0" errors="0" skipped="2" tests="5" name="com.javacodegeeks.examples.junitmavenexample.CalculatorTest">
  <properties>
[...]
</properties>
  <testcase time="0" classname="com.javacodegeeks.examples.junitmavenexample.CalculatorTest" name="testSum"/>
  <testcase time="0" classname="com.javacodegeeks.examples.junitmavenexample.CalculatorTest" name="testEqual">
    <skipped/>
  </testcase>
  <testcase time="0" classname="com.javacodegeeks.examples.junitmavenexample.CalculatorTest" name="testSubstraction">
    <skipped/>
  </testcase>
  <testcase time="0" classname="com.javacodegeeks.examples.junitmavenexample.CalculatorTest" name="testDivisionException"/>
  <testcase time="0" classname="com.javacodegeeks.examples.junitmavenexample.CalculatorTest" name="testDivison"/>
</testsuite>